[
  {
    "line": 1,
    "elements": [
      {
        "before": [
          {
            "result": {
              "duration": 2161529,
              "status": "passed"
            },
            "match": {
              "location": "Hooks.BeforeSteps()"
            }
          }
        ],
        "line": 3,
        "name": "Pega Login Test scenario for Admin",
        "description": "",
        "id": "pega-ui-application-login-features;pega-login-test-scenario-for-admin",
        "after": [
          {
            "result": {
              "duration": 4536032870,
              "status": "passed"
            },
            "match": {
              "location": "Hooks.AfterSteps()"
            }
          }
        ],
        "type": "scenario",
        "keyword": "Scenario",
        "steps": [
          {
            "result": {
              "duration": 18970825314,
              "status": "passed"
            },
            "line": 4,
            "name": "user is on Login Page",
            "match": {
              "location": "LoginSteps.user_is_on_Login_Page()"
            },
            "keyword": "Given "
          },
          {
            "result": {
              "duration": 3026360799,
              "status": "passed"
            },
            "line": 5,
            "name": "title of login page is Pega Platform",
            "match": {
              "location": "LoginSteps.title_of_login_page_is_Pega_Platform()"
            },
            "keyword": "When "
          },
          {
            "result": {
              "duration": 272624823,
              "status": "passed"
            },
            "line": 6,
            "name": "user enters username and password for Admin",
            "match": {
              "location": "LoginSteps.user_enters_and_password_for_admin()"
            },
            "keyword": "Then "
          },
          {
            "result": {
              "duration": 9403548192,
              "status": "passed"
            },
            "line": 7,
            "name": "user clicks on login button",
            "match": {
              "location": "LoginSteps.user_clicks_on_login_button()"
            },
            "keyword": "And "
          },
          {
            "result": {
              "duration": 21462438665,
              "error_message": "org.openqa.selenium.NoSuchElementException: no such element: Unable to locate element: {\"method\":\"xpath\",\"selector\":\"//ul[@id\u003d\u0027nav-mobile\u0027]/li\"}\n  (Session info: chrome\u003d66.0.3359.181)\n  (Driver info: chromedriver\u003d2.38.552522 (437e6fbedfa8762dec75e2c5b3ddb86763dc9dcb),platform\u003dWindows NT 10.0.15063 x86_64) (WARNING: The server did not provide any stacktrace information)\nCommand duration or timeout: 0 milliseconds\nFor documentation on this error, please visit: http://seleniumhq.org/exceptions/no_such_element.html\nBuild info: version: \u00273.5.3\u0027, revision: \u0027a88d25fe6b\u0027, time: \u00272017-08-29T12:42:44.417Z\u0027\nSystem info: host: \u0027LP-PF01J4V4\u0027, ip: \u002710.138.65.158\u0027, os.name: \u0027Windows 10\u0027, os.arch: \u0027amd64\u0027, os.version: \u002710.0\u0027, java.version: \u00271.8.0_171\u0027\nDriver info: org.openqa.selenium.chrome.ChromeDriver\nCapabilities [{mobileEmulationEnabled\u003dfalse, hasTouchScreen\u003dfalse, platform\u003dXP, acceptSslCerts\u003dfalse, acceptInsecureCerts\u003dfalse, webStorageEnabled\u003dtrue, browserName\u003dchrome, takesScreenshot\u003dtrue, javascriptEnabled\u003dtrue, platformName\u003dXP, setWindowRect\u003dtrue, unexpectedAlertBehaviour\u003d, applicationCacheEnabled\u003dfalse, rotatable\u003dfalse, networkConnectionEnabled\u003dfalse, chrome\u003d{chromedriverVersion\u003d2.38.552522 (437e6fbedfa8762dec75e2c5b3ddb86763dc9dcb), userDataDir\u003dD:\\Users\\Hackathon\\AppData\\Local\\Temp\\scoped_dir8612_7370}, takesHeapSnapshot\u003dtrue, pageLoadStrategy\u003dnormal, unhandledPromptBehavior\u003d, databaseEnabled\u003dfalse, handlesAlerts\u003dtrue, version\u003d66.0.3359.181, browserConnectionEnabled\u003dfalse, nativeEvents\u003dtrue, locationContextEnabled\u003dtrue, cssSelectorsEnabled\u003dtrue}]\nSession ID: 7675a17658e1852a516ad4d5a8930a45\n*** Element info: {Using\u003dxpath, value\u003d//ul[@id\u003d\u0027nav-mobile\u0027]/li}\r\n\tat sun.reflect.NativeConstructorAccessorImpl.newInstance0(Native Method)\r\n\tat sun.reflect.NativeConstructorAccessorImpl.newInstance(NativeConstructorAccessorImpl.java:62)\r\n\tat sun.reflect.DelegatingConstructorAccessorImpl.newInstance(DelegatingConstructorAccessorImpl.java:45)\r\n\tat java.lang.reflect.Constructor.newInstance(Constructor.java:423)\r\n\tat org.openqa.selenium.remote.ErrorHandler.createThrowable(ErrorHandler.java:215)\r\n\tat org.openqa.selenium.remote.ErrorHandler.throwIfResponseFailed(ErrorHandler.java:167)\r\n\tat org.openqa.selenium.remote.http.JsonHttpResponseCodec.reconstructValue(JsonHttpResponseCodec.java:40)\r\n\tat org.openqa.selenium.remote.http.AbstractHttpResponseCodec.decode(AbstractHttpResponseCodec.java:82)\r\n\tat org.openqa.selenium.remote.http.AbstractHttpResponseCodec.decode(AbstractHttpResponseCodec.java:45)\r\n\tat org.openqa.selenium.remote.HttpCommandExecutor.execute(HttpCommandExecutor.java:164)\r\n\tat org.openqa.selenium.remote.service.DriverCommandExecutor.execute(DriverCommandExecutor.java:82)\r\n\tat org.openqa.selenium.remote.RemoteWebDriver.execute(RemoteWebDriver.java:646)\r\n\tat org.openqa.selenium.remote.RemoteWebDriver.findElement(RemoteWebDriver.java:416)\r\n\tat org.openqa.selenium.remote.RemoteWebDriver.findElementByXPath(RemoteWebDriver.java:518)\r\n\tat org.openqa.selenium.By$ByXPath.findElement(By.java:361)\r\n\tat org.openqa.selenium.remote.RemoteWebDriver.findElement(RemoteWebDriver.java:408)\r\n\tat sun.reflect.NativeMethodAccessorImpl.invoke0(Native Method)\r\n\tat sun.reflect.NativeMethodAccessorImpl.invoke(NativeMethodAccessorImpl.java:62)\r\n\tat sun.reflect.DelegatingMethodAccessorImpl.invoke(DelegatingMethodAccessorImpl.java:43)\r\n\tat java.lang.reflect.Method.invoke(Method.java:498)\r\n\tat org.openqa.selenium.support.events.EventFiringWebDriver$2.invoke(EventFiringWebDriver.java:105)\r\n\tat com.sun.proxy.$Proxy18.findElement(Unknown Source)\r\n\tat org.openqa.selenium.support.events.EventFiringWebDriver.findElement(EventFiringWebDriver.java:189)\r\n\tat com.pega.qa.stepDefinitions.LoginSteps.user_is_on_home_page(LoginSteps.java:67)\r\n\tat ✽.Then user is on home page(Login.feature:8)\r\n",
              "status": "failed"
            },
            "line": 8,
            "name": "user is on home page",
            "match": {
              "location": "LoginSteps.user_is_on_home_page()"
            },
            "keyword": "Then "
          },
          {
            "result": {
              "status": "skipped"
            },
            "line": 9,
            "name": "close the browser",
            "match": {
              "location": "LoginSteps.close_the_browser()"
            },
            "keyword": "Then "
          }
        ]
      },
      {
        "before": [
          {
            "result": {
              "duration": 27917,
              "status": "passed"
            },
            "match": {
              "location": "Hooks.BeforeSteps()"
            }
          }
        ],
        "line": 11,
        "name": "Pega Login Test scenario for User",
        "description": "",
        "id": "pega-ui-application-login-features;pega-login-test-scenario-for-user",
        "after": [
          {
            "result": {
              "duration": 945215405,
              "status": "passed"
            },
            "match": {
              "location": "Hooks.AfterSteps()"
            }
          }
        ],
        "type": "scenario",
        "keyword": "Scenario",
        "steps": [
          {
            "result": {
              "duration": 14100609005,
              "status": "passed"
            },
            "line": 12,
            "name": "user is on Login Page",
            "match": {
              "location": "LoginSteps.user_is_on_Login_Page()"
            },
            "keyword": "Given "
          },
          {
            "result": {
              "duration": 3008492160,
              "status": "passed"
            },
            "line": 13,
            "name": "title of login page is Pega Platform",
            "match": {
              "location": "LoginSteps.title_of_login_page_is_Pega_Platform()"
            },
            "keyword": "When "
          },
          {
            "result": {
              "duration": 319462873,
              "status": "passed"
            },
            "line": 14,
            "name": "user enters username and password for User",
            "match": {
              "location": "LoginSteps.user_enters_and_password_for_user()"
            },
            "keyword": "Then "
          },
          {
            "result": {
              "duration": 10429373637,
              "status": "passed"
            },
            "line": 15,
            "name": "user clicks on login button",
            "match": {
              "location": "LoginSteps.user_clicks_on_login_button()"
            },
            "keyword": "And "
          },
          {
            "result": {
              "duration": 20350205437,
              "error_message": "org.openqa.selenium.NoSuchElementException: no such element: Unable to locate element: {\"method\":\"xpath\",\"selector\":\"//ul[@id\u003d\u0027nav-mobile\u0027]/li\"}\n  (Session info: chrome\u003d66.0.3359.181)\n  (Driver info: chromedriver\u003d2.38.552522 (437e6fbedfa8762dec75e2c5b3ddb86763dc9dcb),platform\u003dWindows NT 10.0.15063 x86_64) (WARNING: The server did not provide any stacktrace information)\nCommand duration or timeout: 0 milliseconds\nFor documentation on this error, please visit: http://seleniumhq.org/exceptions/no_such_element.html\nBuild info: version: \u00273.5.3\u0027, revision: \u0027a88d25fe6b\u0027, time: \u00272017-08-29T12:42:44.417Z\u0027\nSystem info: host: \u0027LP-PF01J4V4\u0027, ip: \u002710.138.65.158\u0027, os.name: \u0027Windows 10\u0027, os.arch: \u0027amd64\u0027, os.version: \u002710.0\u0027, java.version: \u00271.8.0_171\u0027\nDriver info: org.openqa.selenium.chrome.ChromeDriver\nCapabilities [{mobileEmulationEnabled\u003dfalse, hasTouchScreen\u003dfalse, platform\u003dXP, acceptSslCerts\u003dfalse, acceptInsecureCerts\u003dfalse, webStorageEnabled\u003dtrue, browserName\u003dchrome, takesScreenshot\u003dtrue, javascriptEnabled\u003dtrue, platformName\u003dXP, setWindowRect\u003dtrue, unexpectedAlertBehaviour\u003d, applicationCacheEnabled\u003dfalse, rotatable\u003dfalse, networkConnectionEnabled\u003dfalse, chrome\u003d{chromedriverVersion\u003d2.38.552522 (437e6fbedfa8762dec75e2c5b3ddb86763dc9dcb), userDataDir\u003dD:\\Users\\Hackathon\\AppData\\Local\\Temp\\scoped_dir9484_12345}, takesHeapSnapshot\u003dtrue, pageLoadStrategy\u003dnormal, unhandledPromptBehavior\u003d, databaseEnabled\u003dfalse, handlesAlerts\u003dtrue, version\u003d66.0.3359.181, browserConnectionEnabled\u003dfalse, nativeEvents\u003dtrue, locationContextEnabled\u003dtrue, cssSelectorsEnabled\u003dtrue}]\nSession ID: 976168698c26019b030db436c859966b\n*** Element info: {Using\u003dxpath, value\u003d//ul[@id\u003d\u0027nav-mobile\u0027]/li}\r\n\tat sun.reflect.NativeConstructorAccessorImpl.newInstance0(Native Method)\r\n\tat sun.reflect.NativeConstructorAccessorImpl.newInstance(NativeConstructorAccessorImpl.java:62)\r\n\tat sun.reflect.DelegatingConstructorAccessorImpl.newInstance(DelegatingConstructorAccessorImpl.java:45)\r\n\tat java.lang.reflect.Constructor.newInstance(Constructor.java:423)\r\n\tat org.openqa.selenium.remote.ErrorHandler.createThrowable(ErrorHandler.java:215)\r\n\tat org.openqa.selenium.remote.ErrorHandler.throwIfResponseFailed(ErrorHandler.java:167)\r\n\tat org.openqa.selenium.remote.http.JsonHttpResponseCodec.reconstructValue(JsonHttpResponseCodec.java:40)\r\n\tat org.openqa.selenium.remote.http.AbstractHttpResponseCodec.decode(AbstractHttpResponseCodec.java:82)\r\n\tat org.openqa.selenium.remote.http.AbstractHttpResponseCodec.decode(AbstractHttpResponseCodec.java:45)\r\n\tat org.openqa.selenium.remote.HttpCommandExecutor.execute(HttpCommandExecutor.java:164)\r\n\tat org.openqa.selenium.remote.service.DriverCommandExecutor.execute(DriverCommandExecutor.java:82)\r\n\tat org.openqa.selenium.remote.RemoteWebDriver.execute(RemoteWebDriver.java:646)\r\n\tat org.openqa.selenium.remote.RemoteWebDriver.findElement(RemoteWebDriver.java:416)\r\n\tat org.openqa.selenium.remote.RemoteWebDriver.findElementByXPath(RemoteWebDriver.java:518)\r\n\tat org.openqa.selenium.By$ByXPath.findElement(By.java:361)\r\n\tat org.openqa.selenium.remote.RemoteWebDriver.findElement(RemoteWebDriver.java:408)\r\n\tat sun.reflect.NativeMethodAccessorImpl.invoke0(Native Method)\r\n\tat sun.reflect.NativeMethodAccessorImpl.invoke(NativeMethodAccessorImpl.java:62)\r\n\tat sun.reflect.DelegatingMethodAccessorImpl.invoke(DelegatingMethodAccessorImpl.java:43)\r\n\tat java.lang.reflect.Method.invoke(Method.java:498)\r\n\tat org.openqa.selenium.support.events.EventFiringWebDriver$2.invoke(EventFiringWebDriver.java:105)\r\n\tat com.sun.proxy.$Proxy18.findElement(Unknown Source)\r\n\tat org.openqa.selenium.support.events.EventFiringWebDriver.findElement(EventFiringWebDriver.java:189)\r\n\tat com.pega.qa.stepDefinitions.LoginSteps.user_is_on_home_page(LoginSteps.java:67)\r\n\tat ✽.Then user is on home page(Login.feature:16)\r\n",
              "status": "failed"
            },
            "line": 16,
            "name": "user is on home page",
            "match": {
              "location": "LoginSteps.user_is_on_home_page()"
            },
            "keyword": "Then "
          },
          {
            "result": {
              "status": "skipped"
            },
            "line": 17,
            "name": "close the browser",
            "match": {
              "location": "LoginSteps.close_the_browser()"
            },
            "keyword": "Then "
          }
        ]
      },
      {
        "before": [
          {
            "result": {
              "duration": 37360,
              "status": "passed"
            },
            "match": {
              "location": "Hooks.BeforeSteps()"
            }
          }
        ],
        "line": 19,
        "name": "Pega Login Test scenario with Invalid Password",
        "description": "",
        "id": "pega-ui-application-login-features;pega-login-test-scenario-with-invalid-password",
        "after": [
          {
            "result": {
              "duration": 3140305184,
              "status": "passed"
            },
            "match": {
              "location": "Hooks.AfterSteps()"
            }
          }
        ],
        "type": "scenario",
        "keyword": "Scenario",
        "steps": [
          {
            "result": {
              "duration": 10365791025,
              "status": "passed"
            },
            "line": 20,
            "name": "user is on Login Page",
            "match": {
              "location": "LoginSteps.user_is_on_Login_Page()"
            },
            "keyword": "Given "
          },
          {
            "result": {
              "duration": 3024746939,
              "status": "passed"
            },
            "line": 21,
            "name": "title of login page is Pega Platform",
            "match": {
              "location": "LoginSteps.title_of_login_page_is_Pega_Platform()"
            },
            "keyword": "When "
          },
          {
            "result": {
              "duration": 243601218,
              "status": "passed"
            },
            "line": 22,
            "name": "user enters username and invalid password",
            "match": {
              "location": "LoginSteps.user_enters_username_and_invalid_password()"
            },
            "keyword": "And "
          },
          {
            "result": {
              "duration": 140224306,
              "status": "passed"
            },
            "line": 23,
            "name": "user clicks on login button",
            "match": {
              "location": "LoginSteps.user_clicks_on_login_button()"
            },
            "keyword": "And "
          },
          {
            "result": {
              "duration": 20485327058,
              "error_message": "org.openqa.selenium.NoSuchElementException: no such element: Unable to locate element: {\"method\":\"xpath\",\"selector\":\"//div[@id\u003d\u0027error\u0027]\"}\n  (Session info: chrome\u003d66.0.3359.181)\n  (Driver info: chromedriver\u003d2.38.552522 (437e6fbedfa8762dec75e2c5b3ddb86763dc9dcb),platform\u003dWindows NT 10.0.15063 x86_64) (WARNING: The server did not provide any stacktrace information)\nCommand duration or timeout: 0 milliseconds\nFor documentation on this error, please visit: http://seleniumhq.org/exceptions/no_such_element.html\nBuild info: version: \u00273.5.3\u0027, revision: \u0027a88d25fe6b\u0027, time: \u00272017-08-29T12:42:44.417Z\u0027\nSystem info: host: \u0027LP-PF01J4V4\u0027, ip: \u002710.138.65.158\u0027, os.name: \u0027Windows 10\u0027, os.arch: \u0027amd64\u0027, os.version: \u002710.0\u0027, java.version: \u00271.8.0_171\u0027\nDriver info: org.openqa.selenium.chrome.ChromeDriver\nCapabilities [{mobileEmulationEnabled\u003dfalse, hasTouchScreen\u003dfalse, platform\u003dXP, acceptSslCerts\u003dfalse, acceptInsecureCerts\u003dfalse, webStorageEnabled\u003dtrue, browserName\u003dchrome, takesScreenshot\u003dtrue, javascriptEnabled\u003dtrue, platformName\u003dXP, setWindowRect\u003dtrue, unexpectedAlertBehaviour\u003d, applicationCacheEnabled\u003dfalse, rotatable\u003dfalse, networkConnectionEnabled\u003dfalse, chrome\u003d{chromedriverVersion\u003d2.38.552522 (437e6fbedfa8762dec75e2c5b3ddb86763dc9dcb), userDataDir\u003dD:\\Users\\Hackathon\\AppData\\Local\\Temp\\scoped_dir3652_21430}, takesHeapSnapshot\u003dtrue, pageLoadStrategy\u003dnormal, unhandledPromptBehavior\u003d, databaseEnabled\u003dfalse, handlesAlerts\u003dtrue, version\u003d66.0.3359.181, browserConnectionEnabled\u003dfalse, nativeEvents\u003dtrue, locationContextEnabled\u003dtrue, cssSelectorsEnabled\u003dtrue}]\nSession ID: bb57bce1b1e57049dc3e977244a7d7a9\n*** Element info: {Using\u003dxpath, value\u003d//div[@id\u003d\u0027error\u0027]}\r\n\tat sun.reflect.NativeConstructorAccessorImpl.newInstance0(Native Method)\r\n\tat sun.reflect.NativeConstructorAccessorImpl.newInstance(NativeConstructorAccessorImpl.java:62)\r\n\tat sun.reflect.DelegatingConstructorAccessorImpl.newInstance(DelegatingConstructorAccessorImpl.java:45)\r\n\tat java.lang.reflect.Constructor.newInstance(Constructor.java:423)\r\n\tat org.openqa.selenium.remote.ErrorHandler.createThrowable(ErrorHandler.java:215)\r\n\tat org.openqa.selenium.remote.ErrorHandler.throwIfResponseFailed(ErrorHandler.java:167)\r\n\tat org.openqa.selenium.remote.http.JsonHttpResponseCodec.reconstructValue(JsonHttpResponseCodec.java:40)\r\n\tat org.openqa.selenium.remote.http.AbstractHttpResponseCodec.decode(AbstractHttpResponseCodec.java:82)\r\n\tat org.openqa.selenium.remote.http.AbstractHttpResponseCodec.decode(AbstractHttpResponseCodec.java:45)\r\n\tat org.openqa.selenium.remote.HttpCommandExecutor.execute(HttpCommandExecutor.java:164)\r\n\tat org.openqa.selenium.remote.service.DriverCommandExecutor.execute(DriverCommandExecutor.java:82)\r\n\tat org.openqa.selenium.remote.RemoteWebDriver.execute(RemoteWebDriver.java:646)\r\n\tat org.openqa.selenium.remote.RemoteWebDriver.findElement(RemoteWebDriver.java:416)\r\n\tat org.openqa.selenium.remote.RemoteWebDriver.findElementByXPath(RemoteWebDriver.java:518)\r\n\tat org.openqa.selenium.By$ByXPath.findElement(By.java:361)\r\n\tat org.openqa.selenium.remote.RemoteWebDriver.findElement(RemoteWebDriver.java:408)\r\n\tat sun.reflect.GeneratedMethodAccessor5.invoke(Unknown Source)\r\n\tat sun.reflect.DelegatingMethodAccessorImpl.invoke(DelegatingMethodAccessorImpl.java:43)\r\n\tat java.lang.reflect.Method.invoke(Method.java:498)\r\n\tat org.openqa.selenium.support.events.EventFiringWebDriver$2.invoke(EventFiringWebDriver.java:105)\r\n\tat com.sun.proxy.$Proxy18.findElement(Unknown Source)\r\n\tat org.openqa.selenium.support.events.EventFiringWebDriver.findElement(EventFiringWebDriver.java:189)\r\n\tat org.openqa.selenium.support.pagefactory.DefaultElementLocator.findElement(DefaultElementLocator.java:69)\r\n\tat org.openqa.selenium.support.pagefactory.internal.LocatingElementHandler.invoke(LocatingElementHandler.java:38)\r\n\tat com.sun.proxy.$Proxy21.getText(Unknown Source)\r\n\tat com.pega.qa.Util.WebPageOperations.getText(WebPageOperations.java:122)\r\n\tat com.pega.qa.Pages.LoginPage.getErrorMessage(LoginPage.java:61)\r\n\tat com.pega.qa.stepDefinitions.LoginSteps.user_is_on_login_page_and_error_message_prompted(LoginSteps.java:83)\r\n\tat ✽.Then user is on login page and error message prompted(Login.feature:24)\r\n",
              "status": "failed"
            },
            "line": 24,
            "name": "user is on login page and error message prompted",
            "match": {
              "location": "LoginSteps.user_is_on_login_page_and_error_message_prompted()"
            },
            "keyword": "Then "
          },
          {
            "result": {
              "status": "skipped"
            },
            "line": 25,
            "name": "close the browser",
            "match": {
              "location": "LoginSteps.close_the_browser()"
            },
            "keyword": "Then "
          }
        ]
      },
      {
        "before": [
          {
            "result": {
              "duration": 19296,
              "status": "passed"
            },
            "match": {
              "location": "Hooks.BeforeSteps()"
            }
          }
        ],
        "line": 27,
        "name": "Pega Login Test scenario with out credentials",
        "description": "",
        "id": "pega-ui-application-login-features;pega-login-test-scenario-with-out-credentials",
        "after": [
          {
            "result": {
              "duration": 824992118,
              "status": "passed"
            },
            "match": {
              "location": "Hooks.AfterSteps()"
            }
          }
        ],
        "type": "scenario",
        "keyword": "Scenario",
        "steps": [
          {
            "result": {
              "duration": 16493037537,
              "status": "passed"
            },
            "line": 28,
            "name": "user is on Login Page",
            "match": {
              "location": "LoginSteps.user_is_on_Login_Page()"
            },
            "keyword": "Given "
          },
          {
            "result": {
              "duration": 3016643156,
              "status": "passed"
            },
            "line": 29,
            "name": "title of login page is Pega Platform",
            "match": {
              "location": "LoginSteps.title_of_login_page_is_Pega_Platform()"
            },
            "keyword": "When "
          },
          {
            "result": {
              "duration": 182391156,
              "status": "passed"
            },
            "line": 30,
            "name": "user clicks on login button",
            "match": {
              "location": "LoginSteps.user_clicks_on_login_button()"
            },
            "keyword": "And "
          },
          {
            "result": {
              "duration": 20315915339,
              "error_message": "org.openqa.selenium.NoSuchElementException: no such element: Unable to locate element: {\"method\":\"xpath\",\"selector\":\"//div[@id\u003d\u0027error\u0027]\"}\n  (Session info: chrome\u003d66.0.3359.181)\n  (Driver info: chromedriver\u003d2.38.552522 (437e6fbedfa8762dec75e2c5b3ddb86763dc9dcb),platform\u003dWindows NT 10.0.15063 x86_64) (WARNING: The server did not provide any stacktrace information)\nCommand duration or timeout: 0 milliseconds\nFor documentation on this error, please visit: http://seleniumhq.org/exceptions/no_such_element.html\nBuild info: version: \u00273.5.3\u0027, revision: \u0027a88d25fe6b\u0027, time: \u00272017-08-29T12:42:44.417Z\u0027\nSystem info: host: \u0027LP-PF01J4V4\u0027, ip: \u002710.138.65.158\u0027, os.name: \u0027Windows 10\u0027, os.arch: \u0027amd64\u0027, os.version: \u002710.0\u0027, java.version: \u00271.8.0_171\u0027\nDriver info: org.openqa.selenium.chrome.ChromeDriver\nCapabilities [{mobileEmulationEnabled\u003dfalse, hasTouchScreen\u003dfalse, platform\u003dXP, acceptSslCerts\u003dfalse, acceptInsecureCerts\u003dfalse, webStorageEnabled\u003dtrue, browserName\u003dchrome, takesScreenshot\u003dtrue, javascriptEnabled\u003dtrue, platformName\u003dXP, setWindowRect\u003dtrue, unexpectedAlertBehaviour\u003d, applicationCacheEnabled\u003dfalse, rotatable\u003dfalse, networkConnectionEnabled\u003dfalse, chrome\u003d{chromedriverVersion\u003d2.38.552522 (437e6fbedfa8762dec75e2c5b3ddb86763dc9dcb), userDataDir\u003dD:\\Users\\Hackathon\\AppData\\Local\\Temp\\scoped_dir8444_13796}, takesHeapSnapshot\u003dtrue, pageLoadStrategy\u003dnormal, unhandledPromptBehavior\u003d, databaseEnabled\u003dfalse, handlesAlerts\u003dtrue, version\u003d66.0.3359.181, browserConnectionEnabled\u003dfalse, nativeEvents\u003dtrue, locationContextEnabled\u003dtrue, cssSelectorsEnabled\u003dtrue}]\nSession ID: a350ed48ddf546199b72c04fe28c0ac9\n*** Element info: {Using\u003dxpath, value\u003d//div[@id\u003d\u0027error\u0027]}\r\n\tat sun.reflect.NativeConstructorAccessorImpl.newInstance0(Native Method)\r\n\tat sun.reflect.NativeConstructorAccessorImpl.newInstance(NativeConstructorAccessorImpl.java:62)\r\n\tat sun.reflect.DelegatingConstructorAccessorImpl.newInstance(DelegatingConstructorAccessorImpl.java:45)\r\n\tat java.lang.reflect.Constructor.newInstance(Constructor.java:423)\r\n\tat org.openqa.selenium.remote.ErrorHandler.createThrowable(ErrorHandler.java:215)\r\n\tat org.openqa.selenium.remote.ErrorHandler.throwIfResponseFailed(ErrorHandler.java:167)\r\n\tat org.openqa.selenium.remote.http.JsonHttpResponseCodec.reconstructValue(JsonHttpResponseCodec.java:40)\r\n\tat org.openqa.selenium.remote.http.AbstractHttpResponseCodec.decode(AbstractHttpResponseCodec.java:82)\r\n\tat org.openqa.selenium.remote.http.AbstractHttpResponseCodec.decode(AbstractHttpResponseCodec.java:45)\r\n\tat org.openqa.selenium.remote.HttpCommandExecutor.execute(HttpCommandExecutor.java:164)\r\n\tat org.openqa.selenium.remote.service.DriverCommandExecutor.execute(DriverCommandExecutor.java:82)\r\n\tat org.openqa.selenium.remote.RemoteWebDriver.execute(RemoteWebDriver.java:646)\r\n\tat org.openqa.selenium.remote.RemoteWebDriver.findElement(RemoteWebDriver.java:416)\r\n\tat org.openqa.selenium.remote.RemoteWebDriver.findElementByXPath(RemoteWebDriver.java:518)\r\n\tat org.openqa.selenium.By$ByXPath.findElement(By.java:361)\r\n\tat org.openqa.selenium.remote.RemoteWebDriver.findElement(RemoteWebDriver.java:408)\r\n\tat sun.reflect.GeneratedMethodAccessor5.invoke(Unknown Source)\r\n\tat sun.reflect.DelegatingMethodAccessorImpl.invoke(DelegatingMethodAccessorImpl.java:43)\r\n\tat java.lang.reflect.Method.invoke(Method.java:498)\r\n\tat org.openqa.selenium.support.events.EventFiringWebDriver$2.invoke(EventFiringWebDriver.java:105)\r\n\tat com.sun.proxy.$Proxy18.findElement(Unknown Source)\r\n\tat org.openqa.selenium.support.events.EventFiringWebDriver.findElement(EventFiringWebDriver.java:189)\r\n\tat org.openqa.selenium.support.pagefactory.DefaultElementLocator.findElement(DefaultElementLocator.java:69)\r\n\tat org.openqa.selenium.support.pagefactory.internal.LocatingElementHandler.invoke(LocatingElementHandler.java:38)\r\n\tat com.sun.proxy.$Proxy21.getText(Unknown Source)\r\n\tat com.pega.qa.Util.WebPageOperations.getText(WebPageOperations.java:122)\r\n\tat com.pega.qa.Pages.LoginPage.getErrorMessage(LoginPage.java:61)\r\n\tat com.pega.qa.stepDefinitions.LoginSteps.user_is_on_login_page_and_error_message_prompted(LoginSteps.java:83)\r\n\tat ✽.Then user is on login page and error message prompted(Login.feature:31)\r\n",
              "status": "failed"
            },
            "line": 31,
            "name": "user is on login page and error message prompted",
            "match": {
              "location": "LoginSteps.user_is_on_login_page_and_error_message_prompted()"
            },
            "keyword": "Then "
          },
          {
            "result": {
              "status": "skipped"
            },
            "line": 32,
            "name": "close the browser",
            "match": {
              "location": "LoginSteps.close_the_browser()"
            },
            "keyword": "Then "
          }
        ]
      },
      {
        "before": [
          {
            "result": {
              "duration": 16833,
              "status": "passed"
            },
            "match": {
              "location": "Hooks.BeforeSteps()"
            }
          }
        ],
        "line": 34,
        "name": "Pega Login Test scenario with out password",
        "description": "",
        "id": "pega-ui-application-login-features;pega-login-test-scenario-with-out-password",
        "after": [
          {
            "result": {
              "duration": 767448648,
              "status": "passed"
            },
            "match": {
              "location": "Hooks.AfterSteps()"
            }
          }
        ],
        "type": "scenario",
        "keyword": "Scenario",
        "steps": [
          {
            "result": {
              "duration": 11158887763,
              "status": "passed"
            },
            "line": 35,
            "name": "user is on Login Page",
            "match": {
              "location": "LoginSteps.user_is_on_Login_Page()"
            },
            "keyword": "Given "
          },
          {
            "result": {
              "duration": 3011663223,
              "status": "passed"
            },
            "line": 36,
            "name": "title of login page is Pega Platform",
            "match": {
              "location": "LoginSteps.title_of_login_page_is_Pega_Platform()"
            },
            "keyword": "When "
          },
          {
            "result": {
              "duration": 251325656,
              "status": "passed"
            },
            "line": 37,
            "name": "user enters username",
            "match": {
              "location": "LoginSteps.user_enters_username()"
            },
            "keyword": "And "
          },
          {
            "result": {
              "duration": 225576571,
              "status": "passed"
            },
            "line": 38,
            "name": "user clicks on login button",
            "match": {
              "location": "LoginSteps.user_clicks_on_login_button()"
            },
            "keyword": "And "
          },
          {
            "result": {
              "duration": 20460579709,
              "error_message": "org.openqa.selenium.NoSuchElementException: no such element: Unable to locate element: {\"method\":\"xpath\",\"selector\":\"//div[@id\u003d\u0027error\u0027]\"}\n  (Session info: chrome\u003d66.0.3359.181)\n  (Driver info: chromedriver\u003d2.38.552522 (437e6fbedfa8762dec75e2c5b3ddb86763dc9dcb),platform\u003dWindows NT 10.0.15063 x86_64) (WARNING: The server did not provide any stacktrace information)\nCommand duration or timeout: 0 milliseconds\nFor documentation on this error, please visit: http://seleniumhq.org/exceptions/no_such_element.html\nBuild info: version: \u00273.5.3\u0027, revision: \u0027a88d25fe6b\u0027, time: \u00272017-08-29T12:42:44.417Z\u0027\nSystem info: host: \u0027LP-PF01J4V4\u0027, ip: \u002710.138.65.158\u0027, os.name: \u0027Windows 10\u0027, os.arch: \u0027amd64\u0027, os.version: \u002710.0\u0027, java.version: \u00271.8.0_171\u0027\nDriver info: org.openqa.selenium.chrome.ChromeDriver\nCapabilities [{mobileEmulationEnabled\u003dfalse, hasTouchScreen\u003dfalse, platform\u003dXP, acceptSslCerts\u003dfalse, acceptInsecureCerts\u003dfalse, webStorageEnabled\u003dtrue, browserName\u003dchrome, takesScreenshot\u003dtrue, javascriptEnabled\u003dtrue, platformName\u003dXP, setWindowRect\u003dtrue, unexpectedAlertBehaviour\u003d, applicationCacheEnabled\u003dfalse, rotatable\u003dfalse, networkConnectionEnabled\u003dfalse, chrome\u003d{chromedriverVersion\u003d2.38.552522 (437e6fbedfa8762dec75e2c5b3ddb86763dc9dcb), userDataDir\u003dD:\\Users\\Hackathon\\AppData\\Local\\Temp\\scoped_dir6492_24284}, takesHeapSnapshot\u003dtrue, pageLoadStrategy\u003dnormal, unhandledPromptBehavior\u003d, databaseEnabled\u003dfalse, handlesAlerts\u003dtrue, version\u003d66.0.3359.181, browserConnectionEnabled\u003dfalse, nativeEvents\u003dtrue, locationContextEnabled\u003dtrue, cssSelectorsEnabled\u003dtrue}]\nSession ID: 957f656f322e04c8d1d01667407ff8d1\n*** Element info: {Using\u003dxpath, value\u003d//div[@id\u003d\u0027error\u0027]}\r\n\tat sun.reflect.NativeConstructorAccessorImpl.newInstance0(Native Method)\r\n\tat sun.reflect.NativeConstructorAccessorImpl.newInstance(NativeConstructorAccessorImpl.java:62)\r\n\tat sun.reflect.DelegatingConstructorAccessorImpl.newInstance(DelegatingConstructorAccessorImpl.java:45)\r\n\tat java.lang.reflect.Constructor.newInstance(Constructor.java:423)\r\n\tat org.openqa.selenium.remote.ErrorHandler.createThrowable(ErrorHandler.java:215)\r\n\tat org.openqa.selenium.remote.ErrorHandler.throwIfResponseFailed(ErrorHandler.java:167)\r\n\tat org.openqa.selenium.remote.http.JsonHttpResponseCodec.reconstructValue(JsonHttpResponseCodec.java:40)\r\n\tat org.openqa.selenium.remote.http.AbstractHttpResponseCodec.decode(AbstractHttpResponseCodec.java:82)\r\n\tat org.openqa.selenium.remote.http.AbstractHttpResponseCodec.decode(AbstractHttpResponseCodec.java:45)\r\n\tat org.openqa.selenium.remote.HttpCommandExecutor.execute(HttpCommandExecutor.java:164)\r\n\tat org.openqa.selenium.remote.service.DriverCommandExecutor.execute(DriverCommandExecutor.java:82)\r\n\tat org.openqa.selenium.remote.RemoteWebDriver.execute(RemoteWebDriver.java:646)\r\n\tat org.openqa.selenium.remote.RemoteWebDriver.findElement(RemoteWebDriver.java:416)\r\n\tat org.openqa.selenium.remote.RemoteWebDriver.findElementByXPath(RemoteWebDriver.java:518)\r\n\tat org.openqa.selenium.By$ByXPath.findElement(By.java:361)\r\n\tat org.openqa.selenium.remote.RemoteWebDriver.findElement(RemoteWebDriver.java:408)\r\n\tat sun.reflect.GeneratedMethodAccessor5.invoke(Unknown Source)\r\n\tat sun.reflect.DelegatingMethodAccessorImpl.invoke(DelegatingMethodAccessorImpl.java:43)\r\n\tat java.lang.reflect.Method.invoke(Method.java:498)\r\n\tat org.openqa.selenium.support.events.EventFiringWebDriver$2.invoke(EventFiringWebDriver.java:105)\r\n\tat com.sun.proxy.$Proxy18.findElement(Unknown Source)\r\n\tat org.openqa.selenium.support.events.EventFiringWebDriver.findElement(EventFiringWebDriver.java:189)\r\n\tat org.openqa.selenium.support.pagefactory.DefaultElementLocator.findElement(DefaultElementLocator.java:69)\r\n\tat org.openqa.selenium.support.pagefactory.internal.LocatingElementHandler.invoke(LocatingElementHandler.java:38)\r\n\tat com.sun.proxy.$Proxy21.getText(Unknown Source)\r\n\tat com.pega.qa.Util.WebPageOperations.getText(WebPageOperations.java:122)\r\n\tat com.pega.qa.Pages.LoginPage.getErrorMessage(LoginPage.java:61)\r\n\tat com.pega.qa.stepDefinitions.LoginSteps.user_is_on_login_page_and_error_message_prompted(LoginSteps.java:83)\r\n\tat ✽.Then user is on login page and error message prompted(Login.feature:39)\r\n",
              "status": "failed"
            },
            "line": 39,
            "name": "user is on login page and error message prompted",
            "match": {
              "location": "LoginSteps.user_is_on_login_page_and_error_message_prompted()"
            },
            "keyword": "Then "
          },
          {
            "result": {
              "status": "skipped"
            },
            "line": 40,
            "name": "close the browser",
            "match": {
              "location": "LoginSteps.close_the_browser()"
            },
            "keyword": "Then "
          }
        ]
      }
    ],
    "name": "Pega UI Application Login Features",
    "description": "",
    "id": "pega-ui-application-login-features",
    "keyword": "Feature",
    "uri": "Login.feature"
  }
]